<?xml version="1.0" encoding="UTF-8"?>
<!-- Generated by org.testng.reporters.JUnitReportReporter -->
<testsuite hostname="komal.verma" failures="0" tests="1" name="com.sampledtdl.apitest.PetStore" time="23.674" errors="0" timestamp="2022-07-26T16:49:33 IST" skipped="0">
  <testcase classname="com.sampledtdl.apitest.PetStore" name="Request1" time="23.674"/>
  <system-out/>
</testsuite> <!-- com.sampledtdl.apitest.PetStore -->
