<?xml version="1.0" encoding="UTF-8"?>
<!-- Generated by org.testng.reporters.JUnitReportReporter -->
<testsuite hostname="komal.verma" name="com.sample.apitest.APITestPetStore" tests="1" failures="0" timestamp="27 Jul 2022 09:45:16 GMT" time="4.883" errors="0">
  <testcase name="addPetAndVerify" time="4.883" classname="com.sample.apitest.APITestPetStore"/>
</testsuite> <!-- com.sample.apitest.APITestPetStore -->
