<?xml version="1.0" encoding="UTF-8"?>
<!-- Generated by org.testng.reporters.JUnitReportReporter -->
<testsuite hostname="komal.verma" name="com.sampledtdl.uitest.UITestPlayground" tests="1" failures="0" timestamp="26 Jul 2022 16:35:38 GMT" time="4.730" errors="0">
  <testcase name="startStopProgress" time="4.730" classname="com.sampledtdl.uitest.UITestPlayground"/>
</testsuite> <!-- com.sampledtdl.uitest.UITestPlayground -->
