<?xml version="1.0" encoding="UTF-8"?>
<!-- Generated by org.testng.reporters.JUnitReportReporter -->
<testsuite hostname="komal.verma" name="com.sample.uitest.UITestPlayground" tests="1" failures="0" timestamp="27 Jul 2022 09:44:45 GMT" time="2.869" errors="0">
  <testcase name="startStopProgress" time="2.869" classname="com.sample.uitest.UITestPlayground"/>
</testsuite> <!-- com.sample.uitest.UITestPlayground -->
